2021/05/04 15:24:25 [INFO] Terraform version: 0.14.7  
2021/05/04 15:24:25 [INFO] Go runtime version: go1.15.6
2021/05/04 15:24:25 [INFO] CLI args: []string{"/usr/local/bin/terraform", "init"}
2021/05/04 15:24:25 [DEBUG] Attempting to open CLI config file: /home/klika/.terraformrc
2021/05/04 15:24:25 [DEBUG] File doesn't exist, but doesn't need to. Ignoring.
2021/05/04 15:24:25 Loading CLI configuration from /home/klika/.terraform.d/credentials.tfrc.json
2021/05/04 15:24:25 [DEBUG] ignoring non-existing provider search directory terraform.d/plugins
2021/05/04 15:24:25 [DEBUG] ignoring non-existing provider search directory /home/klika/.terraform.d/plugins
2021/05/04 15:24:25 [DEBUG] ignoring non-existing provider search directory /home/klika/.local/share/terraform/plugins
2021/05/04 15:24:25 [DEBUG] ignoring non-existing provider search directory /usr/share/xfce4/terraform/plugins
2021/05/04 15:24:25 [DEBUG] ignoring non-existing provider search directory /usr/local/share/terraform/plugins
2021/05/04 15:24:25 [DEBUG] ignoring non-existing provider search directory /usr/share/terraform/plugins
2021/05/04 15:24:25 [DEBUG] ignoring non-existing provider search directory /usr/share/terraform/plugins
2021/05/04 15:24:25 [INFO] CLI command args: []string{"init"}
2021/05/04 15:24:25 [TRACE] Meta.Backend: no config given or present on disk, so returning nil config
2021/05/04 15:24:25 [TRACE] Meta.Backend: backend has not previously been initialized in this working directory
2021/05/04 15:24:25 [DEBUG] New state was assigned lineage "5af89e94-48f4-2a0c-9925-fb91afef5eac"
2021/05/04 15:24:25 [TRACE] Meta.Backend: using default local state only (no backend configuration, and no existing initialized backend)
2021/05/04 15:24:25 [TRACE] Meta.Backend: instantiated backend of type <nil>
2021/05/04 15:24:25 [TRACE] providercache.fillMetaCache: scanning directory .terraform/providers
2021/05/04 15:24:25 [TRACE] getproviders.SearchLocalDirectory: .terraform/providers is a symlink to .terraform/providers
2021/05/04 15:24:25 [TRACE] getproviders.SearchLocalDirectory: found registry.terraform.io/hashicorp/aws v3.38.0 for linux_amd64 at .terraform/providers/registry.terraform.io/hashicorp/aws/3.38.0/linux_amd64
2021/05/04 15:24:25 [TRACE] providercache.fillMetaCache: including .terraform/providers/registry.terraform.io/hashicorp/aws/3.38.0/linux_amd64 as a candidate package for registry.terraform.io/hashicorp/aws 3.38.0
2021/05/04 15:24:26 [DEBUG] checking for provisioner in "."
2021/05/04 15:24:26 [DEBUG] checking for provisioner in "/usr/local/bin"
2021/05/04 15:24:26 [INFO] Failed to read plugin lock file .terraform/plugins/linux_amd64/lock.json: open .terraform/plugins/linux_amd64/lock.json: no such file or directory
2021/05/04 15:24:26 [TRACE] Meta.Backend: backend <nil> does not support operations, so wrapping it in a local backend
2021/05/04 15:24:26 [TRACE] backend/local: state manager for workspace "default" will:
 - read initial snapshot from terraform.tfstate
 - write new snapshots to terraform.tfstate
 - create any backup at terraform.tfstate.backup
2021/05/04 15:24:26 [TRACE] statemgr.Filesystem: reading initial snapshot from terraform.tfstate
2021/05/04 15:24:26 [TRACE] statemgr.Filesystem: read snapshot with lineage "d5abe014-a451-26fb-0ca8-a2579f853c70" serial 68
2021/05/04 15:24:26 [DEBUG] Service discovery for registry.terraform.io at https://registry.terraform.io/.well-known/terraform.json
2021/05/04 15:24:26 [TRACE] HTTP client GET request to https://registry.terraform.io/.well-known/terraform.json
2021/05/04 15:24:26 [DEBUG] GET https://registry.terraform.io/v1/providers/hashicorp/aws/versions
2021/05/04 15:24:26 [TRACE] HTTP client GET request to https://registry.terraform.io/v1/providers/hashicorp/aws/versions
2021/05/04 15:24:27 [TRACE] providercache.fillMetaCache: scanning directory .terraform/providers
2021/05/04 15:24:27 [TRACE] getproviders.SearchLocalDirectory: .terraform/providers is a symlink to .terraform/providers
2021/05/04 15:24:27 [TRACE] getproviders.SearchLocalDirectory: found registry.terraform.io/hashicorp/aws v3.38.0 for linux_amd64 at .terraform/providers/registry.terraform.io/hashicorp/aws/3.38.0/linux_amd64
2021/05/04 15:24:27 [TRACE] providercache.fillMetaCache: including .terraform/providers/registry.terraform.io/hashicorp/aws/3.38.0/linux_amd64 as a candidate package for registry.terraform.io/hashicorp/aws 3.38.0
